build/app/intermediates/manifest_merge_blame_file/debug/manifest-merger-blame-debug-report.txt
1<?xml version="1.0" encoding="utf-8"?>
2<manifest xmlns:android="http://schemas.android.com/apk/res/android"
3    package="com.example.flutter_catalog"
4    android:versionCode="1"
5    android:versionName="1.0.0" >
6
7    <uses-sdk
8        android:minSdkVersion="19"
9        android:targetSdkVersion="30" />
10    <!--
11         Flutter needs it to communicate with the running application
12         to allow setting breakpoints, to provide hot reload, etc.
13    -->
14    <uses-permission android:name="android.permission.INTERNET" />
14-->src\debug\AndroidManifest.xml:6:5-66
14-->src\debug\AndroidManifest.xml:6:22-64
15
16    <queries>
16-->[:flutter_inappwebview] AndroidManifest.xml:7:5-11:15
17        <intent>
17-->[:flutter_inappwebview] AndroidManifest.xml:8:9-10:18
18            <action android:name="android.support.customtabs.action.CustomTabsService" />
18-->[:flutter_inappwebview] AndroidManifest.xml:9:13-90
18-->[:flutter_inappwebview] AndroidManifest.xml:9:21-87
19        </intent>
20    </queries>
21
22    <application
22-->src\main\AndroidManifest.xml:3:4-40:19
23        android:appComponentFactory="androidx.core.app.CoreComponentFactory"
23-->[androidx.core:core:1.7.0] AndroidManifest.xml:24:18-86
24        android:debuggable="true"
25        android:icon="@mipmap/ic_launcher"
25-->src\main\AndroidManifest.xml:5:9-43
26        android:label="flutter_catalog" >
26-->src\main\AndroidManifest.xml:4:9-40
27        <activity
27-->src\main\AndroidManifest.xml:6:9-34:20
28            android:name="com.example.flutter_catalog.MainActivity"
28-->src\main\AndroidManifest.xml:7:13-41
29            android:configChanges="orientation|keyboardHidden|keyboard|screenSize|smallestScreenSize|locale|layoutDirection|fontScale|screenLayout|density|uiMode"
29-->src\main\AndroidManifest.xml:10:13-163
30            android:hardwareAccelerated="true"
30-->src\main\AndroidManifest.xml:11:13-47
31            android:launchMode="singleTop"
31-->src\main\AndroidManifest.xml:8:13-43
32            android:theme="@style/LaunchTheme"
32-->src\main\AndroidManifest.xml:9:13-47
33            android:windowSoftInputMode="adjustResize" >
33-->src\main\AndroidManifest.xml:12:13-55
34
35            <!--
36                 Specifies an Android theme to apply to this Activity as soon as
37                 the Android process has started. This theme is visible to the user
38                 while the Flutter UI initializes. After that, this theme continues
39                 to determine the Window background behind the Flutter UI.
40            -->
41            <meta-data
41-->src\main\AndroidManifest.xml:17:13-20:17
42                android:name="io.flutter.embedding.android.NormalTheme"
42-->src\main\AndroidManifest.xml:18:15-70
43                android:resource="@style/NormalTheme" />
43-->src\main\AndroidManifest.xml:19:15-52
44            <!--
45                 Displays an Android View that continues showing the launch screen
46                 Drawable until Flutter paints its first frame, then this splash
47                 screen fades out. A splash screen is useful to avoid any visual
48                 gap between the end of Android's launch screen and the painting of
49                 Flutter's first frame.
50            -->
51            <meta-data
51-->src\main\AndroidManifest.xml:26:13-29:17
52                android:name="io.flutter.embedding.android.SplashScreenDrawable"
52-->src\main\AndroidManifest.xml:27:15-79
53                android:resource="@drawable/launch_background" />
53-->src\main\AndroidManifest.xml:28:15-61
54
55            <intent-filter>
55-->src\main\AndroidManifest.xml:30:13-33:29
56                <action android:name="android.intent.action.MAIN" />
56-->src\main\AndroidManifest.xml:31:17-68
56-->src\main\AndroidManifest.xml:31:25-66
57
58                <category android:name="android.intent.category.LAUNCHER" />
58-->src\main\AndroidManifest.xml:32:17-76
58-->src\main\AndroidManifest.xml:32:27-74
59            </intent-filter>
60        </activity>
61        <!--
62             Don't delete the meta-data below.
63             This is used by the Flutter tool to generate GeneratedPluginRegistrant.java
64        -->
65        <meta-data
65-->src\main\AndroidManifest.xml:37:9-39:33
66            android:name="flutterEmbedding"
66-->src\main\AndroidManifest.xml:38:13-44
67            android:value="2" />
67-->src\main\AndroidManifest.xml:39:13-30
68
69        <activity
69-->[:flutter_inappwebview] AndroidManifest.xml:14:9-18:47
70            android:name="com.pichillilorenzo.flutter_inappwebview.in_app_browser.InAppBrowserActivity"
70-->[:flutter_inappwebview] AndroidManifest.xml:15:13-104
71            android:configChanges="orientation|keyboardHidden|keyboard|screenSize|locale|layoutDirection|fontScale|screenLayout|density"
71-->[:flutter_inappwebview] AndroidManifest.xml:16:13-137
72            android:exported="true"
72-->[:flutter_inappwebview] AndroidManifest.xml:17:13-36
73            android:theme="@style/AppTheme" />
73-->[:flutter_inappwebview] AndroidManifest.xml:18:13-44
74        <activity
74-->[:flutter_inappwebview] AndroidManifest.xml:19:9-22:55
75            android:name="com.pichillilorenzo.flutter_inappwebview.chrome_custom_tabs.ChromeCustomTabsActivity"
75-->[:flutter_inappwebview] AndroidManifest.xml:20:13-112
76            android:exported="true"
76-->[:flutter_inappwebview] AndroidManifest.xml:21:13-36
77            android:theme="@style/ThemeTransparent" />
77-->[:flutter_inappwebview] AndroidManifest.xml:22:13-52
78        <activity
78-->[:flutter_inappwebview] AndroidManifest.xml:23:9-26:55
79            android:name="com.pichillilorenzo.flutter_inappwebview.chrome_custom_tabs.TrustedWebActivity"
79-->[:flutter_inappwebview] AndroidManifest.xml:24:13-106
80            android:exported="true"
80-->[:flutter_inappwebview] AndroidManifest.xml:25:13-36
81            android:theme="@style/ThemeTransparent" />
81-->[:flutter_inappwebview] AndroidManifest.xml:26:13-52
82        <activity
82-->[:flutter_inappwebview] AndroidManifest.xml:27:9-31:55
83            android:name="com.pichillilorenzo.flutter_inappwebview.chrome_custom_tabs.ChromeCustomTabsActivitySingleInstance"
83-->[:flutter_inappwebview] AndroidManifest.xml:28:13-126
84            android:exported="true"
84-->[:flutter_inappwebview] AndroidManifest.xml:29:13-36
85            android:launchMode="singleInstance"
85-->[:flutter_inappwebview] AndroidManifest.xml:30:13-48
86            android:theme="@style/ThemeTransparent" />
86-->[:flutter_inappwebview] AndroidManifest.xml:31:13-52
87        <activity
87-->[:flutter_inappwebview] AndroidManifest.xml:32:9-36:55
88            android:name="com.pichillilorenzo.flutter_inappwebview.chrome_custom_tabs.TrustedWebActivitySingleInstance"
88-->[:flutter_inappwebview] AndroidManifest.xml:33:13-120
89            android:exported="true"
89-->[:flutter_inappwebview] AndroidManifest.xml:34:13-36
90            android:launchMode="singleInstance"
90-->[:flutter_inappwebview] AndroidManifest.xml:35:13-48
91            android:theme="@style/ThemeTransparent" />
91-->[:flutter_inappwebview] AndroidManifest.xml:36:13-52
92
93        <receiver
93-->[:flutter_inappwebview] AndroidManifest.xml:38:9-41:40
94            android:name="com.pichillilorenzo.flutter_inappwebview.chrome_custom_tabs.ActionBroadcastReceiver"
94-->[:flutter_inappwebview] AndroidManifest.xml:39:13-111
95            android:enabled="true"
95-->[:flutter_inappwebview] AndroidManifest.xml:40:13-35
96            android:exported="false" />
96-->[:flutter_inappwebview] AndroidManifest.xml:41:13-37
97
98        <meta-data
98-->[:flutter_inappwebview] AndroidManifest.xml:43:9-45:36
99            android:name="io.flutter.embedded_views_preview"
99-->[:flutter_inappwebview] AndroidManifest.xml:44:13-61
100            android:value="true" />
100-->[:flutter_inappwebview] AndroidManifest.xml:45:13-33
101
102        <activity
102-->[:url_launcher_android] AndroidManifest.xml:8:9-11:74
103            android:name="io.flutter.plugins.urllauncher.WebViewActivity"
103-->[:url_launcher_android] AndroidManifest.xml:9:13-74
104            android:exported="false"
104-->[:url_launcher_android] AndroidManifest.xml:10:13-37
105            android:theme="@android:style/Theme.NoTitleBar.Fullscreen" />
105-->[:url_launcher_android] AndroidManifest.xml:11:13-71
106
107        <uses-library
107-->[androidx.window:window:1.0.0-beta04] AndroidManifest.xml:25:9-27:40
108            android:name="androidx.window.extensions"
108-->[androidx.window:window:1.0.0-beta04] AndroidManifest.xml:26:13-54
109            android:required="false" />
109-->[androidx.window:window:1.0.0-beta04] AndroidManifest.xml:27:13-37
110        <uses-library
110-->[androidx.window:window:1.0.0-beta04] AndroidManifest.xml:28:9-30:40
111            android:name="androidx.window.sidecar"
111-->[androidx.window:window:1.0.0-beta04] AndroidManifest.xml:29:13-51
112            android:required="false" />
112-->[androidx.window:window:1.0.0-beta04] AndroidManifest.xml:30:13-37
113
114        <provider
114-->[androidx.emoji2:emoji2:1.0.0] AndroidManifest.xml:26:9-34:20
115            android:name="androidx.startup.InitializationProvider"
115-->[androidx.emoji2:emoji2:1.0.0] AndroidManifest.xml:27:13-67
116            android:authorities="com.example.flutter_catalog.androidx-startup"
116-->[androidx.emoji2:emoji2:1.0.0] AndroidManifest.xml:28:13-68
117            android:exported="false" >
117-->[androidx.emoji2:emoji2:1.0.0] AndroidManifest.xml:29:13-37
118            <meta-data
118-->[androidx.emoji2:emoji2:1.0.0] AndroidManifest.xml:31:13-33:52
119                android:name="androidx.emoji2.text.EmojiCompatInitializer"
119-->[androidx.emoji2:emoji2:1.0.0] AndroidManifest.xml:32:17-75
120                android:value="androidx.startup" />
120-->[androidx.emoji2:emoji2:1.0.0] AndroidManifest.xml:33:17-49
121            <meta-data
121-->[androidx.lifecycle:lifecycle-process:2.4.0] AndroidManifest.xml:31:13-33:52
122                android:name="androidx.lifecycle.ProcessLifecycleInitializer"
122-->[androidx.lifecycle:lifecycle-process:2.4.0] AndroidManifest.xml:32:17-78
123                android:value="androidx.startup" />
123-->[androidx.lifecycle:lifecycle-process:2.4.0] AndroidManifest.xml:33:17-49
124        </provider>
125    </application>
126
127</manifest>